________________________________________________________________________________________________________________________________
bafybeidtzeykvm25s3hatmw2jiolc7wrvi4eubcrq5swz7kcgg3plm3rxy
________________________________________________________________________________________________________________________________
                                                                                                                MeKuboRmMfs.ico
    bafybeic2uyqeikw3fmjvxhtulwxepa3v4ucjsxxp7kzxrv5m3hz4k4olau
________________________________________________________________________________________________________________________________
                                                                                                                  MeKuboWidgets
    bafybeiesewbf7mdvtm3npqos574leupoxgvu3mfkaux4fxtssurvqzssru
________________________________________________________________________________________________________________________________
                                                                                                                    MeKuboRmMfs
        bafybeihvalr5c7quph6wl6rhtsluzx6o2gftyweyspe62467nuhk7f3ele
________________________________________________________________________________________________________________________________
                                                                                                                MeKuboRmMfs.exe
            bafybeihbcy4f6w2v2ch2pakh3tmu2ia6xdtul4cclh77ykhdpxgi4diwgy
________________________________________________________________________________________________________________________________
                                                                                                                 MeKuboRmMfs.py
            bafybeibzgyjr7wwxggyektj4u7kpwxulpza3exi4okv42qdbom4jincrka
________________________________________________________________________________________________________________________________
                                                                                                                            zoo
            bafybeifuj7rqasejbo4t5cv4q4fjplhgag3fjbeg7pk2ueanaweqj2a2sm
________________________________________________________________________________________________________________________________
                                                                                                                     2paths.ini
                bafybeifj46gk32yiuwe5vrvthiasmfj43jn6pscmtlwqivagayheypyxre
________________________________________________________________________________________________________________________________
